#
# A fatal error has been detected by the Java Runtime Environment:
#
#  Internal Error (0xe06d7363), pid=12072, tid=6612
#
# JRE version: 6.0_17-b04
# Java VM: Java HotSpot(TM) Client VM (14.3-b01 mixed mode windows-x86 )
# Problematic frame:
# C  [KERNELBASE.dll+0xc42d]
#
# If you would like to submit a bug report, please visit:
#   http://java.sun.com/webapps/bugreport/crash.jsp
# The crash happened outside the Java Virtual Machine in native code.
# See problematic frame for where to report the bug.
#

---------------  T H R E A D  ---------------

Current thread (0x0735f400):  JavaThread "main" [_thread_in_native, id=6612, stack(0x00880000,0x01080000)]

siginfo: ExceptionCode=0xe06d7363, ExceptionInformation=0x19930520 0x010755c0 0x01147790 

Registers:
EAX=0x010754a8, EBX=0x00010002, ECX=0x00000003, EDX=0x00000000
ESP=0x010754a8, EBP=0x010754f8, ESI=0x00010002, EDI=0x7efb45e0
EIP=0x74a0c42d, EFLAGS=0x00200212

Top of Stack: (sp=0x010754a8)
0x010754a8:   e06d7363 00000001 00000000 74a0c42d
0x010754b8:   00000003 19930520 010755c0 01147790
0x010754c8:   00000000 00000563 010754fc 01075500
0x010754d8:   121660a0 10bd04c8 10bd2300 10bd2410
0x010754e8:   01075548 0cd2d928 10bd41f0 00000000
0x010754f8:   01075530 7396df60 e06d7363 00000001
0x01075508:   00000003 01075524 e06d7363 00000001
0x01075518:   00000000 00000000 00000003 19930520 

Instructions: (pc=0x74a0c42d)
0x74a0c41d:   0c eb 03 89 45 c0 8d 45 b0 50 ff 15 5c 11 a0 74
0x74a0c42d:   c9 c2 10 00 cc cc cc cc cc 8b ff 55 8b ec 56 8b 


Stack: [0x00880000,0x01080000],  sp=0x010754a8,  free space=8149k
Native frames: (J=compiled Java code, j=interpreted, Vv=VM code, C=native code)
C  [KERNELBASE.dll+0xc42d]
C  [MSVCR90.dll+0x5df60]
C  [mcr.dll+0x8c3bb]
C  [libut.dll+0x198d3]
C  [libut.dll+0x217e4]
C  [libut.dll+0x21886]
C  [libut.dll+0x17215]
C  [libmwservices.dll+0x98c22]
C  [jmi.dll+0x43f0a]
j  com.mathworks.jmi.NativeMatlab.processPendingEvents()Z+8
j  com.mathworks.jmi.Matlab$ProcessPendingEvents.callBooleanMethod(Ljava/lang/Object;)Z+0
j  com.mathworks.util.FactoryUtils.processPendingEvents()Z+12
j  com.mathworks.mde.desk.MLDesktop.canClose()Z+84
j  com.mathworks.mde.desk.MLDesktop$2.call()Ljava/lang/Boolean;+4
j  com.mathworks.mde.desk.MLDesktop$2.call()Ljava/lang/Object;+1
j  com.mathworks.jmi.Matlab.isOkToExit()Z+54
v  ~StubRoutines::call_stub
V  [jvm.dll+0xecf9c]
V  [jvm.dll+0x1741d1]
V  [jvm.dll+0xed01d]
V  [jvm.dll+0xf5be5]
V  [jvm.dll+0xfb632]
C  [jmi.dll+0x1e103]
C  [jmi.dll+0x2fcff]
C  [mcr.dll+0x8ff05]
C  [mcr.dll+0x901de]
C  [mcr.dll+0x90276]
C  [mcr.dll+0x9051f]
C  [m_dispatcher.dll+0xa05c]
C  [m_dispatcher.dll+0xa581]
C  [m_dispatcher.dll+0x13739]
C  [m_dispatcher.dll+0xa05c]
C  [m_dispatcher.dll+0xa581]
C  [m_interpreter.dll+0x1ec64]
C  [m_interpreter.dll+0x1eb25]
C  [m_interpreter.dll+0x1ea90]
C  [m_interpreter.dll+0x35c1d3]
C  [iqm.dll+0x80a45]
C  [iqm.dll+0x816fa]
C  0x732552de
C  0x73284fad
C  [iqm.dll+0x682a5]
C  [iqm.dll+0x5c655]
C  [iqm.dll+0x4d6f0]
C  0x7327c960
C  0x7327ccc3
C  0x7327d8b0
C  0x7327daa5
C  0x7327db53
j  com.mathworks.jmi.NativeMatlab.SendMatlabMessage(Ljava/lang/Object;)Ljava/lang/Object;+0
j  com.mathworks.jmi.NativeMatlab.sendMatlabMessage(Ljava/lang/Object;)Ljava/lang/Object;+22
j  com.mathworks.jmi.MatlabLooper.sendMatlabMessage(Lcom/mathworks/services/message/MWMessage;)Ljava/lang/Object;+20
j  com.mathworks.jmi.Matlab.mtFevalConsoleOutput(Ljava/lang/String;[Ljava/lang/Object;I)Ljava/lang/Object;+58
j  com.mathworks.mde.desk.MLDesktop$9.run()V+14
j  com.mathworks.jmi.NativeMatlab.dispatchMTRequests(Z)V+57
v  ~StubRoutines::call_stub
V  [jvm.dll+0xecf9c]
V  [jvm.dll+0x1741d1]
V  [jvm.dll+0xed01d]
V  [jvm.dll+0xf5be5]
V  [jvm.dll+0xfd932]
C  [jmi.dll+0x1e462]
C  [jmi.dll+0x266e2]
C  [jmi.dll+0x26763]
C  [m_interpreter.dll+0x53877]
C  [m_interpreter.dll+0x53632]
C  [m_interpreter.dll+0x600f9]
C  [m_interpreter.dll+0x62a9c]
C  [m_interpreter.dll+0x59ca9]
C  [m_dispatcher.dll+0x9e93]
C  [m_dispatcher.dll+0xa6b6]
C  [m_interpreter.dll+0x63abd]
C  [m_interpreter.dll+0x64ed7]
C  [m_interpreter.dll+0x53877]
C  [m_interpreter.dll+0x53632]
C  [m_interpreter.dll+0x600f9]
C  [m_interpreter.dll+0x62a9c]
C  [m_interpreter.dll+0x59ca9]
C  [m_dispatcher.dll+0x9e93]
C  [m_dispatcher.dll+0xa6b6]
C  [m_interpreter.dll+0x46ef7]
C  [m_interpreter.dll+0x5ccc1]
C  [m_interpreter.dll+0x6270d]
C  [m_interpreter.dll+0x35cf74]
C  [m_interpreter.dll+0x6b599]
C  [m_interpreter.dll+0x682b3]
C  [m_interpreter.dll+0x5ffc1]
C  [m_interpreter.dll+0x62a9c]
C  [m_interpreter.dll+0x59ca9]
C  [m_dispatcher.dll+0x9e93]
C  [m_dispatcher.dll+0xa6b6]
C  [m_dispatcher.dll+0x147e5]
C  [m_dispatcher.dll+0xb998]
C  [libmx.dll+0x39ad1]
C  [m_interpreter.dll+0x1b43f]
C  [m_interpreter.dll+0x53e75]
C  [m_interpreter.dll+0x5ef2c]
C  [m_interpreter.dll+0x17b240]
C  [m_interpreter.dll+0x5eed2]
C  [m_interpreter.dll+0x6437f]
...<more frames>...

Java frames: (J=compiled Java code, j=interpreted, Vv=VM code)
j  com.mathworks.jmi.NativeMatlab.ProcessPendingEvents()Z+0
j  com.mathworks.jmi.NativeMatlab.processPendingEvents()Z+8
j  com.mathworks.jmi.Matlab$ProcessPendingEvents.callBooleanMethod(Ljava/lang/Object;)Z+0
j  com.mathworks.util.FactoryUtils.processPendingEvents()Z+12
j  com.mathworks.mde.desk.MLDesktop.canClose()Z+84
j  com.mathworks.mde.desk.MLDesktop$2.call()Ljava/lang/Boolean;+4
j  com.mathworks.mde.desk.MLDesktop$2.call()Ljava/lang/Object;+1
j  com.mathworks.jmi.Matlab.isOkToExit()Z+54
v  ~StubRoutines::call_stub
j  com.mathworks.jmi.NativeMatlab.SendMatlabMessage(Ljava/lang/Object;)Ljava/lang/Object;+0
j  com.mathworks.jmi.NativeMatlab.sendMatlabMessage(Ljava/lang/Object;)Ljava/lang/Object;+22
j  com.mathworks.jmi.MatlabLooper.sendMatlabMessage(Lcom/mathworks/services/message/MWMessage;)Ljava/lang/Object;+20
j  com.mathworks.jmi.Matlab.mtFevalConsoleOutput(Ljava/lang/String;[Ljava/lang/Object;I)Ljava/lang/Object;+58
j  com.mathworks.mde.desk.MLDesktop$9.run()V+14
j  com.mathworks.jmi.NativeMatlab.dispatchMTRequests(Z)V+57
v  ~StubRoutines::call_stub

---------------  P R O C E S S  ---------------

Java Threads: ( => current thread )
  0x1fe8dc00 JavaThread "Code Analyzer updating thread" [_thread_blocked, id=8828, stack(0x21bb0000,0x21c30000)]
  0x1fe8c800 JavaThread "Code Analyzer updating thread" [_thread_blocked, id=10052, stack(0x20c40000,0x20cc0000)]
  0x1fe8b000 JavaThread "Code Analyzer updating thread" [_thread_blocked, id=7448, stack(0x20da0000,0x20e20000)]
  0x1fe8b800 JavaThread "Timer-4" [_thread_blocked, id=6760, stack(0x273a0000,0x27420000)]
  0x1fe8ac00 JavaThread "Code Analyzer updating thread" [_thread_blocked, id=8820, stack(0x27220000,0x272a0000)]
  0x1fe8a400 JavaThread "Active Reference Queue Daemon" daemon [_thread_blocked, id=7188, stack(0x27fa0000,0x28020000)]
  0x1fe89800 JavaThread "Timer-3" daemon [_thread_blocked, id=6984, stack(0x27d00000,0x27d80000)]
  0x1fe89400 JavaThread "Prefs Updater" daemon [_thread_blocked, id=12568, stack(0x27bb0000,0x27c30000)]
  0x1fe8a000 JavaThread "Foxtrot Single Worker Thread #1" daemon [_thread_blocked, id=11856, stack(0x21e30000,0x21eb0000)]
  0x1fe88c00 JavaThread "Timer-1" daemon [_thread_blocked, id=5152, stack(0x24790000,0x24810000)]
  0x1fe88000 JavaThread "TimerQueue" daemon [_thread_blocked, id=864, stack(0x222a0000,0x22320000)]
  0x1fe87c00 JavaThread "FelixPackageAdmin" daemon [_thread_blocked, id=7492, stack(0x22010000,0x22090000)]
  0x1fcf7c00 JavaThread "FelixStartLevel" daemon [_thread_blocked, id=9816, stack(0x21440000,0x214c0000)]
  0x1fcd3800 JavaThread "FelixDispatchQueue" daemon [_thread_blocked, id=3092, stack(0x21d10000,0x21d90000)]
  0x1fdf5400 JavaThread "AWT-EventQueue-0" [_thread_blocked, id=5176, stack(0x20b10000,0x20b90000)]
  0x1fca0000 JavaThread "com.google.common.base.internal.Finalizer" daemon [_thread_blocked, id=11908, stack(0x1ea70000,0x1eaf0000)]
  0x1fc90400 JavaThread "AWT-Windows" daemon [_thread_in_native, id=7996, stack(0x0fee0000,0x0ff60000)]
  0x1fc8fc00 JavaThread "AWT-Shutdown" [_thread_blocked, id=9096, stack(0x0fcb0000,0x0fd30000)]
  0x1fc8f800 JavaThread "Java2D Disposer" daemon [_thread_blocked, id=9796, stack(0x0fbd0000,0x0fc50000)]
  0x1f928c00 JavaThread "Timer-0" [_thread_blocked, id=5844, stack(0x0bdd0000,0x0be50000)]
  0x0ba53c00 JavaThread "EventMgr Dispatcher" daemon [_thread_in_native, id=8324, stack(0x07fa0000,0x087a0000)]
  0x07cee400 JavaThread "Low Memory Detector" daemon [_thread_blocked, id=9532, stack(0x09660000,0x096e0000)]
  0x07ceac00 JavaThread "CompilerThread0" daemon [_thread_blocked, id=12080, stack(0x1e190000,0x1e990000)]
  0x07cdf800 JavaThread "Attach Listener" daemon [_thread_blocked, id=8676, stack(0x0a7c0000,0x0a840000)]
  0x07ca4000 JavaThread "Finalizer" daemon [_thread_blocked, id=2856, stack(0x08d40000,0x08dc0000)]
  0x07ca2c00 JavaThread "Reference Handler" daemon [_thread_blocked, id=10532, stack(0x07d60000,0x07de0000)]
=>0x0735f400 JavaThread "main" [_thread_in_native, id=6612, stack(0x00880000,0x01080000)]

Other Threads:
  0x07c9f400 VMThread [stack: 0x0f060000,0x0f860000] [id=11508]
  0x07cf8000 WatcherThread [stack: 0x1eaf0000,0x1f2f0000] [id=7816]

VM state:not at safepoint (normal execution)

VM Mutex/Monitor currently owned by a thread: None

Heap
 def new generation   total 21760K, used 13086K [0x10010000, 0x117a0000, 0x12010000)
  eden space 19392K,  64% used [0x10010000, 0x10c3c1f8, 0x11300000)
  from space 2368K,  26% used [0x11300000, 0x1139b798, 0x11550000)
  to   space 2368K,   0% used [0x11550000, 0x11550000, 0x117a0000)
 tenured generation   total 72232K, used 48116K [0x12010000, 0x1669a000, 0x18010000)
   the space 72232K,  66% used [0x12010000, 0x14f0d138, 0x14f0d200, 0x1669a000)
 compacting perm gen  total 37888K, used 37727K [0x18010000, 0x1a510000, 0x1e010000)
   the space 37888K,  99% used [0x18010000, 0x1a4e7cc0, 0x1a4e7e00, 0x1a510000)
No shared spaces configured.

Dynamic libraries:
0x00800000 - 0x0082b000 	C:\Program Files (x86)\MATLAB\R2012a\bin\win32\MATLAB.exe
0x76ee0000 - 0x77060000 	C:\Windows\SysWOW64\ntdll.dll
0x75ad0000 - 0x75be0000 	C:\Windows\syswow64\kernel32.dll
0x74a00000 - 0x74a47000 	C:\Windows\syswow64\KERNELBASE.dll
0x7ef10000 - 0x7efc0000 	C:\Program Files (x86)\MATLAB\R2012a\bin\win32\libut.dll
0x7dce0000 - 0x7dd54000 	C:\Program Files (x86)\MATLAB\R2012a\bin\win32\libmwi18n.dll
0x10000000 - 0x10009000 	C:\Program Files (x86)\MATLAB\R2012a\bin\win32\libmwresource_core.dll
0x00190000 - 0x0021e000 	C:\Windows\WinSxS\x86_microsoft.vc90.crt_1fc8b3b9a1e18e3b_9.0.30729.6161_none_50934f2ebcb7eb57\MSVCP90.dll
0x73910000 - 0x739b3000 	C:\Windows\WinSxS\x86_microsoft.vc90.crt_1fc8b3b9a1e18e3b_9.0.30729.6161_none_50934f2ebcb7eb57\MSVCR90.dll
0x736b0000 - 0x736d3000 	C:\Program Files (x86)\MATLAB\R2012a\bin\win32\boost_filesystem-vc90-mt-1_44.dll
0x73f70000 - 0x73f77000 	C:\Program Files (x86)\MATLAB\R2012a\bin\win32\boost_system-vc90-mt-1_44.dll
0x75c90000 - 0x75d30000 	C:\Windows\syswow64\ADVAPI32.dll
0x74950000 - 0x749fc000 	C:\Windows\syswow64\msvcrt.dll
0x74d30000 - 0x74d49000 	C:\Windows\SysWOW64\sechost.dll
0x769f0000 - 0x76ae0000 	C:\Windows\syswow64\RPCRT4.dll
0x74870000 - 0x748d0000 	C:\Windows\syswow64\SspiCli.dll
0x74860000 - 0x7486c000 	C:\Windows\syswow64\CRYPTBASE.dll
0x73550000 - 0x7356f000 	C:\Program Files (x86)\MATLAB\R2012a\bin\win32\LIBEXPAT.dll
0x72eb0000 - 0x73035000 	C:\Program Files (x86)\MATLAB\R2012a\bin\win32\icuin44.dll
0x7ea10000 - 0x7eb2f000 	C:\Program Files (x86)\MATLAB\R2012a\bin\win32\icuuc44.dll
0x01370000 - 0x021b1000 	C:\Program Files (x86)\MATLAB\R2012a\bin\win32\icudt44.dll
0x00390000 - 0x00467000 	C:\Program Files (x86)\MATLAB\R2012a\bin\win32\libmwfl.dll
0x73cd0000 - 0x73f3b000 	C:\Program Files (x86)\MATLAB\R2012a\bin\win32\libmwMATLAB_res.dll
0x00260000 - 0x0026e000 	C:\Program Files (x86)\MATLAB\R2012a\bin\win32\boost_date_time-vc90-mt-1_44.dll
0x73c80000 - 0x73c8f000 	C:\Program Files (x86)\MATLAB\R2012a\bin\win32\boost_signals-vc90-mt-1_44.dll
0x00290000 - 0x0029e000 	C:\Program Files (x86)\MATLAB\R2012a\bin\win32\boost_thread-vc90-mt-1_44.dll
0x76070000 - 0x7609b000 	C:\Windows\syswow64\imagehlp.dll
0x76060000 - 0x76065000 	C:\Windows\syswow64\PSAPI.DLL
0x002b0000 - 0x002bf000 	C:\Program Files (x86)\MATLAB\R2012a\bin\win32\icuio44.dll
0x70f10000 - 0x70ffb000 	C:\Windows\system32\dbghelp.dll
0x768f0000 - 0x769f0000 	C:\Windows\syswow64\USER32.dll
0x75d80000 - 0x75e10000 	C:\Windows\syswow64\GDI32.dll
0x76eb0000 - 0x76eba000 	C:\Windows\syswow64\LPK.dll
0x75a30000 - 0x75acd000 	C:\Windows\syswow64\USP10.dll
0x754e0000 - 0x756e6000 	C:\Program Files (x86)\MATLAB\R2012a\bin\win32\libmwservices.dll
0x7db50000 - 0x7dbda000 	C:\Program Files (x86)\MATLAB\R2012a\bin\win32\libmx.dll
0x73730000 - 0x73744000 	C:\Program Files (x86)\MATLAB\R2012a\bin\win32\zlib1.dll
0x00470000 - 0x00489000 	C:\Program Files (x86)\MATLAB\R2012a\bin\win32\libmwmfl_scalar.dll
0x7df40000 - 0x7df76000 	C:\Program Files (x86)\MATLAB\R2012a\bin\win32\mpath.dll
0x72990000 - 0x72d26000 	C:\Program Files (x86)\MATLAB\R2012a\bin\win32\mlutil.dll
0x7d370000 - 0x7d3cc000 	C:\Program Files (x86)\MATLAB\R2012a\bin\win32\xmlcore.dll
0x71cf0000 - 0x71ea2000 	C:\Program Files (x86)\MATLAB\R2012a\bin\win32\xerces-c_2_7.dll
0x74ba0000 - 0x74bd5000 	C:\Windows\syswow64\WS2_32.dll
0x75c80000 - 0x75c86000 	C:\Windows\syswow64\NSI.dll
0x004d0000 - 0x004e5000 	C:\Program Files (x86)\MATLAB\R2012a\bin\win32\libmwMATLAB_settings_res.dll
0x00500000 - 0x00539000 	C:\Program Files (x86)\MATLAB\R2012a\bin\win32\boost_serialization-vc90-mt-1_44.dll
0x005d0000 - 0x00603000 	C:\Program Files (x86)\MATLAB\R2012a\bin\win32\tbb.dll
0x021c0000 - 0x02e0b000 	C:\Windows\syswow64\SHELL32.dll
0x764f0000 - 0x76547000 	C:\Windows\syswow64\SHLWAPI.dll
0x00620000 - 0x006a4000 	C:\Windows\WinSxS\x86_microsoft.windows.common-controls_6595b64144ccf1df_5.82.7601.18201_none_ec80f00e8593ece5\COMCTL32.dll
0x76200000 - 0x7627b000 	C:\Windows\syswow64\COMDLG32.dll
0x006b0000 - 0x006c1000 	C:\Windows\system32\NETAPI32.dll
0x006d0000 - 0x006d9000 	C:\Windows\system32\netutils.dll
0x006e0000 - 0x006f9000 	C:\Windows\system32\srvcli.dll
0x00700000 - 0x0070f000 	C:\Windows\system32\wkscli.dll
0x760a0000 - 0x761fc000 	C:\Windows\syswow64\ole32.dll
0x75e10000 - 0x75e9f000 	C:\Windows\syswow64\OLEAUT32.dll
0x01080000 - 0x011a6000 	C:\Program Files (x86)\MATLAB\R2012a\bin\win32\mcr.dll
0x7d4b0000 - 0x7d74f000 	C:\Program Files (x86)\MATLAB\R2012a\bin\win32\iqm.dll
0x7b1c0000 - 0x7b6cd000 	C:\Program Files (x86)\MATLAB\R2012a\bin\win32\m_interpreter.dll
0x73b50000 - 0x73b6c000 	C:\Program Files (x86)\MATLAB\R2012a\bin\win32\libmex.dll
0x00750000 - 0x007ca000 	C:\Program Files (x86)\MATLAB\R2012a\bin\win32\m_dispatcher.dll
0x011b0000 - 0x0126c000 	C:\Program Files (x86)\MATLAB\R2012a\bin\win32\boost_regex-vc90-mt-1_44.dll
0x7d220000 - 0x7d27c000 	C:\Program Files (x86)\MATLAB\R2012a\bin\win32\profiler.dll
0x02e10000 - 0x0302a000 	C:\Program Files (x86)\MATLAB\R2012a\bin\win32\libmwmathutil.dll
0x734f0000 - 0x73513000 	C:\Program Files (x86)\MATLAB\R2012a\bin\win32\libmwmathrng.dll
0x7c390000 - 0x7c427000 	C:\Program Files (x86)\MATLAB\R2012a\bin\win32\libmwmathcore.dll
0x7e000000 - 0x7e04b000 	C:\Program Files (x86)\MATLAB\R2012a\bin\win32\libmwspmatrix.dll
0x7dbf0000 - 0x7dc3b000 	C:\Program Files (x86)\MATLAB\R2012a\bin\win32\libmwcholmod.dll
0x03030000 - 0x0303a000 	C:\Program Files (x86)\MATLAB\R2012a\bin\win32\libmwamd.dll
0x03050000 - 0x0305a000 	C:\Program Files (x86)\MATLAB\R2012a\bin\win32\libmwcolamd.dll
0x03070000 - 0x03081000 	C:\Program Files (x86)\MATLAB\R2012a\bin\win32\libmwblas.dll
0x73570000 - 0x7357e000 	C:\Program Files (x86)\MATLAB\R2012a\bin\win32\libmwbinder.dll
0x73320000 - 0x73329000 	C:\Program Files (x86)\MATLAB\R2012a\bin\win32\libmwompwrapper.dll
0x72520000 - 0x7255a000 	C:\Program Files (x86)\MATLAB\R2012a\bin\win32\libmwlapack.dll
0x73b10000 - 0x73b25000 	C:\Program Files (x86)\MATLAB\R2012a\bin\win32\m_pcodeio.dll
0x7e080000 - 0x7e0ca000 	C:\Program Files (x86)\MATLAB\R2012a\bin\win32\m_ir.dll
0x030f0000 - 0x03629000 	C:\Program Files (x86)\MATLAB\R2012a\bin\win32\m_parser.dll
0x73120000 - 0x73132000 	C:\Program Files (x86)\MATLAB\R2012a\bin\win32\ir_xfmr.dll
0x71890000 - 0x71a27000 	C:\Program Files (x86)\MATLAB\R2012a\bin\win32\mcos.dll
0x73110000 - 0x7311a000 	C:\Program Files (x86)\MATLAB\R2012a\bin\win32\mtok.dll
0x728d0000 - 0x728f4000 	C:\Program Files (x86)\MATLAB\R2012a\bin\win32\m_pcodegen.dll
0x7e1c0000 - 0x7e1ea000 	C:\Program Files (x86)\MATLAB\R2012a\bin\win32\libmwbridge.dll
0x03690000 - 0x03722000 	C:\Program Files (x86)\MATLAB\R2012a\bin\win32\udd.dll
0x03740000 - 0x0384d000 	C:\Program Files (x86)\MATLAB\R2012a\bin\win32\libmwgui.dll
0x03860000 - 0x03872000 	C:\Program Files (x86)\MATLAB\R2012a\bin\win32\graphics_util.dll
0x03890000 - 0x03ecc000 	C:\Program Files (x86)\MATLAB\R2012a\bin\win32\hg.dll
0x03ee0000 - 0x03f22000 	C:\Program Files (x86)\MATLAB\R2012a\bin\win32\libmat.dll
0x03f40000 - 0x04125000 	C:\Program Files (x86)\MATLAB\R2012a\bin\win32\hdf5dll.dll
0x7d9d0000 - 0x7da51000 	C:\Program Files (x86)\MATLAB\R2012a\bin\win32\jmi.dll
0x04150000 - 0x0415b000 	C:\Program Files (x86)\MATLAB\R2012a\bin\win32\nativejava_services.dll
0x04170000 - 0x041a2000 	C:\Program Files (x86)\MATLAB\R2012a\bin\win32\libmwhardcopy.dll
0x041c0000 - 0x041ff000 	C:\Program Files (x86)\MATLAB\R2012a\bin\win32\libuij.dll
0x04210000 - 0x04366000 	C:\Program Files (x86)\MATLAB\R2012a\bin\win32\hgdatatypes.dll
0x7cfa0000 - 0x7d045000 	C:\Program Files (x86)\MATLAB\R2012a\bin\win32\hgutils.dll
0x7ede0000 - 0x7ee66000 	C:\Program Files (x86)\MATLAB\R2012a\bin\win32\udd_mi.dll
0x043a0000 - 0x043cf000 	C:\Program Files (x86)\MATLAB\R2012a\bin\win32\libmwgbtutils.dll
0x043e0000 - 0x043f3000 	C:\Program Files (x86)\MATLAB\R2012a\bin\win32\libmwgbt.dll
0x74dc0000 - 0x75057000 	C:\Program Files (x86)\MATLAB\R2012a\bin\win32\uiw.dll
0x04420000 - 0x0442d000 	C:\Program Files (x86)\MATLAB\R2012a\bin\win32\uinone.dll
0x04440000 - 0x04452000 	C:\Windows\system32\MPR.dll
0x78310000 - 0x786ad000 	C:\Windows\WinSxS\x86_microsoft.vc90.mfc_1fc8b3b9a1e18e3b_9.0.30729.6161_none_4bf7e3e2bf9ada4c\mfc90.dll
0x04460000 - 0x04465000 	C:\Windows\system32\MSIMG32.dll
0x04470000 - 0x044c1000 	C:\Windows\system32\WINSPOOL.DRV
0x044d0000 - 0x044e8000 	C:\Program Files (x86)\MATLAB\R2012a\bin\win32\mwoles05.DLL
0x7d1b0000 - 0x7d204000 	C:\Program Files (x86)\MATLAB\R2012a\bin\win32\comcli.dll
0x78c00000 - 0x78c2b000 	C:\Windows\WinSxS\x86_microsoft.vc90.atl_1fc8b3b9a1e18e3b_9.0.30729.6161_none_51cd0a7abbe4e19b\ATL90.DLL
0x04510000 - 0x04519000 	C:\Program Files (x86)\MATLAB\R2012a\bin\win32\mlautoregister.dll
0x04530000 - 0x0453d000 	C:\Program Files (x86)\MATLAB\R2012a\bin\win32\boost_iostreams-vc90-mt-1_44.dll
0x748f0000 - 0x74950000 	C:\Windows\system32\IMM32.DLL
0x76590000 - 0x7665c000 	C:\Windows\syswow64\MSCTF.dll
0x74750000 - 0x74779000 	C:\Windows\SysWOW64\nvinit.dll
0x0f000000 - 0x0f006000 	C:\Program Files (x86)\NVIDIA Corporation\CoProcManager\detoured.dll
0x046b0000 - 0x046dc000 	C:\Program Files (x86)\NVIDIA Corporation\CoProcManager\nvd3d9wrap.dll
0x75ec0000 - 0x7605d000 	C:\Windows\syswow64\SETUPAPI.dll
0x76550000 - 0x76577000 	C:\Windows\syswow64\CFGMGR32.dll
0x74b80000 - 0x74b92000 	C:\Windows\syswow64\DEVOBJ.dll
0x04820000 - 0x04840000 	C:\Program Files (x86)\NVIDIA Corporation\CoProcManager\nvdxgiwrap.dll
0x048d0000 - 0x04950000 	C:\Windows\system32\UxTheme.dll
0x04950000 - 0x04963000 	C:\Windows\system32\dwmapi.dll
0x04970000 - 0x0497e000 	C:\Windows\WinSxS\x86_microsoft.vc90.mfcloc_1fc8b3b9a1e18e3b_9.0.30729.6161_none_49768ef57548175e\MFC90RUS.DLL
0x06760000 - 0x0677d000 	C:\Program Files (x86)\MATLAB\R2012a\bin\win32\tbbmalloc.dll
0x0fa90000 - 0x0fad5000 	C:\Program Files (x86)\Common Files\Intel\Shared Libraries\redist\ia32\compiler\cilkrts20.dll
0x087a0000 - 0x08a2b000 	C:\Program Files (x86)\MATLAB\R2012a\sys\java\jre\win32\jre\bin\client\jvm.dll
0x73a00000 - 0x73a32000 	C:\Windows\system32\WINMM.dll
0x7d910000 - 0x7d966000 	C:\Program Files (x86)\MATLAB\R2012a\bin\win32\MSVCR71.dll
0x067c0000 - 0x0680c000 	C:\Windows\system32\apphelp.dll
0x74d50000 - 0x74d5b000 	C:\Windows\syswow64\profapi.dll

VM Arguments:
jvm_args: -Xss512k -XX:PermSize=32m -Xms64m -XX:NewRatio=3 -XX:MaxPermSize=96m -Xmx128m -XX:MaxDirectMemorySize=1200000000 -Dsun.java2d.noddraw=true -Dsun.awt.nopixfmt=true -Xshare:off -Xrs -Dsun.awt.disableMixing=true -Djava.library.path=C:\Program Files (x86)\MATLAB\R2012a\bin\win32 vfprintf abort 
java_command: <unknown>
Launcher Type: generic

Environment Variables:
PATH=C:\Program Files (x86)\Common Files\Intel\Shared Files\cpp\bin\Intel64;C:\Program Files (x86)\MATLAB\R2012a\bin;C:\ProgramData\Oracle\Java\javapath;C:\Program Files\NVIDIA GPU Computing Toolkit\CUDA\v5.0\bin\;C:\Program Files\NVIDIA GPU Computing Toolkit\CUDA\v5.0\libnvvp\;C:\Program Files (x86)\NVIDIA GPU Computing Toolkit\CUDA\v4.2\\bin;C:\Program Files (x86)\NVIDIA GPU Computing Toolkit\CUDA\v4.2\libnvvp\;C:\Program Files (x86)\NVIDIA Corporation\PhysX\Common;C:\Program Files (x86)\Common Files\Intel\Shared Libraries\redist\intel64\mpirt;C:\Program Files (x86)\Common Files\Intel\Shared Libraries\redist\ia32\mpirt;C:\Program Files (x86)\Common Files\Intel\Shared Libraries\redist\intel64\compiler;C:\Program Files (x86)\Common Files\Intel\Shared Libraries\redist\ia32\compiler;C:\Windows\system32;C:\Windows;C:\Windows\System32\Wbem;C:\Windows\System32\WindowsPowerShell\v1.0\;C:\Program Files (x86)\Windows Kits\8.1\Windows Performance Toolkit\;C:\Program Files\Microsoft SQL Server\110\Tools\Binn\;C:\Program Files\TortoiseSVN\bin;C:\Program Files (x86)\CMake\bin;C:\Program Files\MiKTeX 2.9\miktex\bin\x64\;C:\Program Files (x86)\MATLAB\R2012a\runtime\win32;C:\Program Files (x86)\MATLAB\R2012a\bin;C:\Program Files\OpenVPN\bin;c:\Program Files (x86)\Microsoft SQL Server\90\Tools\binn\;C:\ProgramData\NVIDIA Corporation\NVIDIA GPU Computing SDK 4.2\C\common\bin;C:\Program Files (x86)\Skype\Phone\
USERNAME=Александр Вахитов
OS=Windows_NT
PROCESSOR_IDENTIFIER=Intel64 Family 6 Model 60 Stepping 3, GenuineIntel



---------------  S Y S T E M  ---------------

OS: Windows 7 Build 7601 Service Pack 1

CPU:total 4 (8 cores per cpu, 2 threads per core) family 6 model 60 stepping 3, cmov, cx8, fxsr, mmx, sse, sse2, sse3, ssse3, sse4.1, sse4.2, ht

Memory: 4k page, physical 4194303k(4194303k free), swap 4194303k(4194303k free)

vm_info: Java HotSpot(TM) Client VM (14.3-b01) for windows-x86 JRE (1.6.0_17-b04), built on Oct 11 2009 00:52:06 by "java_re" with MS VC++ 7.1

time: Fri May 08 19:32:41 2015
elapsed time: 266686 seconds

